C:\D Drive\Development\GitHubRepos\LmsMvcAng\ngLMS\node_modules\ag-grid\dist\lib\entities\originalColumnGroupChild.js
C:\D Drive\Development\GitHubRepos\LmsMvcAng\ngLMS\node_modules\ag-grid\dist\lib\entities\originalColumnGroupChild.d.ts
C:\D Drive\Development\GitHubRepos\LmsMvcAng\ngLMS\node_modules\ag-grid\dist\lib\interfaces\iEventEmitter.js
C:\D Drive\Development\GitHubRepos\LmsMvcAng\ngLMS\node_modules\ag-grid\dist\lib\interfaces\iEventEmitter.d.ts
C:\D Drive\Development\GitHubRepos\LmsMvcAng\ngLMS\node_modules\ag-grid\dist\lib\columnController\columnApi.js
C:\D Drive\Development\GitHubRepos\LmsMvcAng\ngLMS\node_modules\ag-grid\dist\lib\columnController\columnApi.d.ts
C:\D Drive\Development\GitHubRepos\LmsMvcAng\ngLMS\node_modules\ag-grid\dist\lib\eventKeys.js
C:\D Drive\Development\GitHubRepos\LmsMvcAng\ngLMS\node_modules\ag-grid\dist\lib\eventKeys.d.ts
C:\D Drive\Development\GitHubRepos\LmsMvcAng\ngLMS\node_modules\ag-grid\dist\lib\events.js
C:\D Drive\Development\GitHubRepos\LmsMvcAng\ngLMS\node_modules\ag-grid\dist\lib\events.d.ts
C:\D Drive\Development\GitHubRepos\LmsMvcAng\ngLMS\node_modules\ag-grid\dist\lib\entities\originalColumnGroup.js
C:\D Drive\Development\GitHubRepos\LmsMvcAng\ngLMS\node_modules\ag-grid\dist\lib\entities\originalColumnGroup.d.ts
C:\D Drive\Development\GitHubRepos\LmsMvcAng\ngLMS\node_modules\ag-grid\dist\lib\entities\columnGroup.js
C:\D Drive\Development\GitHubRepos\LmsMvcAng\ngLMS\node_modules\ag-grid\dist\lib\entities\columnGroup.d.ts
C:\D Drive\Development\GitHubRepos\LmsMvcAng\ngLMS\node_modules\ag-grid\dist\lib\valueService\expressionService.js
C:\D Drive\Development\GitHubRepos\LmsMvcAng\ngLMS\node_modules\ag-grid\dist\lib\valueService\expressionService.d.ts
C:\D Drive\Development\GitHubRepos\LmsMvcAng\ngLMS\node_modules\ag-grid\dist\lib\constants.js
C:\D Drive\Development\GitHubRepos\LmsMvcAng\ngLMS\node_modules\ag-grid\dist\lib\constants.d.ts
C:\D Drive\Development\GitHubRepos\LmsMvcAng\ngLMS\node_modules\ag-grid\dist\lib\columnController\columnUtils.js
C:\D Drive\Development\GitHubRepos\LmsMvcAng\ngLMS\node_modules\ag-grid\dist\lib\columnController\columnUtils.d.ts
C:\D Drive\Development\GitHubRepos\LmsMvcAng\ngLMS\node_modules\ag-grid\dist\lib\columnController\columnKeyCreator.js
C:\D Drive\Development\GitHubRepos\LmsMvcAng\ngLMS\node_modules\ag-grid\dist\lib\columnController\columnKeyCreator.d.ts
C:\D Drive\Development\GitHubRepos\LmsMvcAng\ngLMS\node_modules\ag-grid\dist\lib\entities\defaultColumnTypes.js
C:\D Drive\Development\GitHubRepos\LmsMvcAng\ngLMS\node_modules\ag-grid\dist\lib\entities\defaultColumnTypes.d.ts
C:\D Drive\Development\GitHubRepos\LmsMvcAng\ngLMS\node_modules\ag-grid\dist\lib\columnController\balancedColumnTreeBuilder.js
C:\D Drive\Development\GitHubRepos\LmsMvcAng\ngLMS\node_modules\ag-grid\dist\lib\columnController\balancedColumnTreeBuilder.d.ts
C:\D Drive\Development\GitHubRepos\LmsMvcAng\ngLMS\node_modules\ag-grid\dist\lib\columnController\groupInstanceIdCreator.js
C:\D Drive\Development\GitHubRepos\LmsMvcAng\ngLMS\node_modules\ag-grid\dist\lib\columnController\groupInstanceIdCreator.d.ts
C:\D Drive\Development\GitHubRepos\LmsMvcAng\ngLMS\node_modules\ag-grid\dist\lib\columnController\displayedGroupCreator.js
C:\D Drive\Development\GitHubRepos\LmsMvcAng\ngLMS\node_modules\ag-grid\dist\lib\columnController\displayedGroupCreator.d.ts
C:\D Drive\Development\GitHubRepos\LmsMvcAng\ngLMS\node_modules\ag-grid\dist\lib\context\beanStub.js
C:\D Drive\Development\GitHubRepos\LmsMvcAng\ngLMS\node_modules\ag-grid\dist\lib\context\beanStub.d.ts
C:\D Drive\Development\GitHubRepos\LmsMvcAng\ngLMS\node_modules\ag-grid\dist\lib\interfaces\iComponent.js
C:\D Drive\Development\GitHubRepos\LmsMvcAng\ngLMS\node_modules\ag-grid\dist\lib\interfaces\iComponent.d.ts
C:\D Drive\Development\GitHubRepos\LmsMvcAng\ngLMS\node_modules\ag-grid\dist\lib\widgets\component.js
C:\D Drive\Development\GitHubRepos\LmsMvcAng\ngLMS\node_modules\ag-grid\dist\lib\widgets\component.d.ts
C:\D Drive\Development\GitHubRepos\LmsMvcAng\ngLMS\node_modules\ag-grid\dist\lib\interfaces\iRowModel.js
C:\D Drive\Development\GitHubRepos\LmsMvcAng\ngLMS\node_modules\ag-grid\dist\lib\interfaces\iRowModel.d.ts
C:\D Drive\Development\GitHubRepos\LmsMvcAng\ngLMS\node_modules\ag-grid\dist\lib\interfaces\iFilter.js
C:\D Drive\Development\GitHubRepos\LmsMvcAng\ngLMS\node_modules\ag-grid\dist\lib\interfaces\iFilter.d.ts
C:\D Drive\Development\GitHubRepos\LmsMvcAng\ngLMS\node_modules\ag-grid\dist\lib\widgets\componentAnnotations.js
C:\D Drive\Development\GitHubRepos\LmsMvcAng\ngLMS\node_modules\ag-grid\dist\lib\widgets\componentAnnotations.d.ts
C:\D Drive\Development\GitHubRepos\LmsMvcAng\ngLMS\node_modules\ag-grid\dist\lib\filter\textFilter.js
C:\D Drive\Development\GitHubRepos\LmsMvcAng\ngLMS\node_modules\ag-grid\dist\lib\filter\textFilter.d.ts
C:\D Drive\Development\GitHubRepos\LmsMvcAng\ngLMS\node_modules\ag-grid\dist\lib\filter\numberFilter.js
C:\D Drive\Development\GitHubRepos\LmsMvcAng\ngLMS\node_modules\ag-grid\dist\lib\filter\numberFilter.d.ts
C:\D Drive\Development\GitHubRepos\LmsMvcAng\ngLMS\node_modules\ag-grid\dist\lib\interfaces\iSerializedSetFilter.js
C:\D Drive\Development\GitHubRepos\LmsMvcAng\ngLMS\node_modules\ag-grid\dist\lib\interfaces\iSerializedSetFilter.d.ts
C:\D Drive\Development\GitHubRepos\LmsMvcAng\ngLMS\node_modules\ag-grid\dist\lib\filter\floatingFilter.js
C:\D Drive\Development\GitHubRepos\LmsMvcAng\ngLMS\node_modules\ag-grid\dist\lib\filter\floatingFilter.d.ts
C:\D Drive\Development\GitHubRepos\LmsMvcAng\ngLMS\node_modules\ag-grid\dist\lib\filter\baseFilter.js
C:\D Drive\Development\GitHubRepos\LmsMvcAng\ngLMS\node_modules\ag-grid\dist\lib\filter\baseFilter.d.ts
C:\D Drive\Development\GitHubRepos\LmsMvcAng\ngLMS\node_modules\ag-grid\dist\lib\filter\dateFilter.js
C:\D Drive\Development\GitHubRepos\LmsMvcAng\ngLMS\node_modules\ag-grid\dist\lib\filter\dateFilter.d.ts
C:\D Drive\Development\GitHubRepos\LmsMvcAng\ngLMS\node_modules\ag-grid\dist\lib\rendering\dateComponent.js
C:\D Drive\Development\GitHubRepos\LmsMvcAng\ngLMS\node_modules\ag-grid\dist\lib\rendering\dateComponent.d.ts
C:\D Drive\Development\GitHubRepos\LmsMvcAng\ngLMS\node_modules\ag-grid\dist\lib\interfaces\iViewportDatasource.js
C:\D Drive\Development\GitHubRepos\LmsMvcAng\ngLMS\node_modules\ag-grid\dist\lib\interfaces\iViewportDatasource.d.ts
C:\D Drive\Development\GitHubRepos\LmsMvcAng\ngLMS\node_modules\ag-grid\dist\lib\rendering\cellRenderers\iCellRenderer.js
C:\D Drive\Development\GitHubRepos\LmsMvcAng\ngLMS\node_modules\ag-grid\dist\lib\rendering\cellRenderers\iCellRenderer.d.ts
C:\D Drive\Development\GitHubRepos\LmsMvcAng\ngLMS\node_modules\ag-grid\dist\lib\rowModels\iDatasource.js
C:\D Drive\Development\GitHubRepos\LmsMvcAng\ngLMS\node_modules\ag-grid\dist\lib\rowModels\iDatasource.d.ts
C:\D Drive\Development\GitHubRepos\LmsMvcAng\ngLMS\node_modules\ag-grid\dist\lib\entities\gridRow.js
C:\D Drive\Development\GitHubRepos\LmsMvcAng\ngLMS\node_modules\ag-grid\dist\lib\entities\gridRow.d.ts
C:\D Drive\Development\GitHubRepos\LmsMvcAng\ngLMS\node_modules\ag-grid\dist\lib\entities\gridCell.js
C:\D Drive\Development\GitHubRepos\LmsMvcAng\ngLMS\node_modules\ag-grid\dist\lib\entities\gridCell.d.ts
C:\D Drive\Development\GitHubRepos\LmsMvcAng\ngLMS\node_modules\ag-grid\dist\lib\interfaces\iEnterpriseDatasource.js
C:\D Drive\Development\GitHubRepos\LmsMvcAng\ngLMS\node_modules\ag-grid\dist\lib\interfaces\iEnterpriseDatasource.d.ts
C:\D Drive\Development\GitHubRepos\LmsMvcAng\ngLMS\node_modules\ag-grid\dist\lib\exportParams.js
C:\D Drive\Development\GitHubRepos\LmsMvcAng\ngLMS\node_modules\ag-grid\dist\lib\exportParams.d.ts
C:\D Drive\Development\GitHubRepos\LmsMvcAng\ngLMS\node_modules\ag-grid\dist\lib\rendering\cellEditors\textCellEditor.js
C:\D Drive\Development\GitHubRepos\LmsMvcAng\ngLMS\node_modules\ag-grid\dist\lib\rendering\cellEditors\textCellEditor.d.ts
C:\D Drive\Development\GitHubRepos\LmsMvcAng\ngLMS\node_modules\ag-grid\dist\lib\interfaces\iMenuFactory.js
C:\D Drive\Development\GitHubRepos\LmsMvcAng\ngLMS\node_modules\ag-grid\dist\lib\interfaces\iMenuFactory.d.ts
C:\D Drive\Development\GitHubRepos\LmsMvcAng\ngLMS\node_modules\ag-grid\dist\lib\sortController.js
C:\D Drive\Development\GitHubRepos\LmsMvcAng\ngLMS\node_modules\ag-grid\dist\lib\sortController.d.ts
C:\D Drive\Development\GitHubRepos\LmsMvcAng\ngLMS\node_modules\ag-grid\dist\lib\widgets\touchListener.js
C:\D Drive\Development\GitHubRepos\LmsMvcAng\ngLMS\node_modules\ag-grid\dist\lib\widgets\touchListener.d.ts
C:\D Drive\Development\GitHubRepos\LmsMvcAng\ngLMS\node_modules\ag-grid\dist\lib\headerRendering\header\headerComp.js
C:\D Drive\Development\GitHubRepos\LmsMvcAng\ngLMS\node_modules\ag-grid\dist\lib\headerRendering\header\headerComp.d.ts
C:\D Drive\Development\GitHubRepos\LmsMvcAng\ngLMS\node_modules\ag-grid\dist\lib\headerRendering\headerGroup\headerGroupComp.js
C:\D Drive\Development\GitHubRepos\LmsMvcAng\ngLMS\node_modules\ag-grid\dist\lib\headerRendering\headerGroup\headerGroupComp.d.ts
C:\D Drive\Development\GitHubRepos\LmsMvcAng\ngLMS\node_modules\ag-grid\dist\lib\components\framework\frameworkComponentWrapper.js
C:\D Drive\Development\GitHubRepos\LmsMvcAng\ngLMS\node_modules\ag-grid\dist\lib\components\framework\frameworkComponentWrapper.d.ts
C:\D Drive\Development\GitHubRepos\LmsMvcAng\ngLMS\node_modules\ag-grid\dist\lib\components\framework\componentMetadataProvider.js
C:\D Drive\Development\GitHubRepos\LmsMvcAng\ngLMS\node_modules\ag-grid\dist\lib\components\framework\componentMetadataProvider.d.ts
C:\D Drive\Development\GitHubRepos\LmsMvcAng\ngLMS\node_modules\ag-grid\dist\lib\components\framework\agComponentUtils.js
C:\D Drive\Development\GitHubRepos\LmsMvcAng\ngLMS\node_modules\ag-grid\dist\lib\components\framework\agComponentUtils.d.ts
C:\D Drive\Development\GitHubRepos\LmsMvcAng\ngLMS\node_modules\ag-grid\dist\lib\interfaces\iSetFilterParams.js
C:\D Drive\Development\GitHubRepos\LmsMvcAng\ngLMS\node_modules\ag-grid\dist\lib\interfaces\iSetFilterParams.d.ts
C:\D Drive\Development\GitHubRepos\LmsMvcAng\ngLMS\node_modules\ag-grid\dist\lib\interfaces\iRichCellEditorParams.js
C:\D Drive\Development\GitHubRepos\LmsMvcAng\ngLMS\node_modules\ag-grid\dist\lib\interfaces\iRichCellEditorParams.d.ts
C:\D Drive\Development\GitHubRepos\LmsMvcAng\ngLMS\node_modules\ag-grid\dist\lib\components\framework\componentResolver.js
C:\D Drive\Development\GitHubRepos\LmsMvcAng\ngLMS\node_modules\ag-grid\dist\lib\components\framework\componentResolver.d.ts
C:\D Drive\Development\GitHubRepos\LmsMvcAng\ngLMS\node_modules\ag-grid\dist\lib\rendering\cellRendererService.js
C:\D Drive\Development\GitHubRepos\LmsMvcAng\ngLMS\node_modules\ag-grid\dist\lib\rendering\cellRendererService.d.ts
C:\D Drive\Development\GitHubRepos\LmsMvcAng\ngLMS\node_modules\ag-grid\dist\lib\rendering\valueFormatterService.js
C:\D Drive\Development\GitHubRepos\LmsMvcAng\ngLMS\node_modules\ag-grid\dist\lib\rendering\valueFormatterService.d.ts
C:\D Drive\Development\GitHubRepos\LmsMvcAng\ngLMS\node_modules\ag-grid\dist\lib\rendering\checkboxSelectionComponent.js
C:\D Drive\Development\GitHubRepos\LmsMvcAng\ngLMS\node_modules\ag-grid\dist\lib\rendering\checkboxSelectionComponent.d.ts
C:\D Drive\Development\GitHubRepos\LmsMvcAng\ngLMS\node_modules\ag-grid\dist\lib\templateService.js
C:\D Drive\Development\GitHubRepos\LmsMvcAng\ngLMS\node_modules\ag-grid\dist\lib\templateService.d.ts
C:\D Drive\Development\GitHubRepos\LmsMvcAng\ngLMS\node_modules\ag-grid\dist\lib\valueService\valueCache.js
C:\D Drive\Development\GitHubRepos\LmsMvcAng\ngLMS\node_modules\ag-grid\dist\lib\valueService\valueCache.d.ts
C:\D Drive\Development\GitHubRepos\LmsMvcAng\ngLMS\node_modules\ag-grid\dist\lib\valueService\valueService.js
C:\D Drive\Development\GitHubRepos\LmsMvcAng\ngLMS\node_modules\ag-grid\dist\lib\valueService\valueService.d.ts
C:\D Drive\Development\GitHubRepos\LmsMvcAng\ngLMS\node_modules\ag-grid\dist\lib\rendering\columnAnimationService.js
C:\D Drive\Development\GitHubRepos\LmsMvcAng\ngLMS\node_modules\ag-grid\dist\lib\rendering\columnAnimationService.d.ts
C:\D Drive\Development\GitHubRepos\LmsMvcAng\ngLMS\node_modules\ag-grid\dist\lib\interfaces\iRangeController.js
C:\D Drive\Development\GitHubRepos\LmsMvcAng\ngLMS\node_modules\ag-grid\dist\lib\interfaces\iRangeController.d.ts
C:\D Drive\Development\GitHubRepos\LmsMvcAng\ngLMS\node_modules\ag-grid\dist\lib\focusedCellController.js
C:\D Drive\Development\GitHubRepos\LmsMvcAng\ngLMS\node_modules\ag-grid\dist\lib\focusedCellController.d.ts
C:\D Drive\Development\GitHubRepos\LmsMvcAng\ngLMS\node_modules\ag-grid\dist\lib\interfaces\iContextMenuFactory.js
C:\D Drive\Development\GitHubRepos\LmsMvcAng\ngLMS\node_modules\ag-grid\dist\lib\interfaces\iContextMenuFactory.d.ts
C:\D Drive\Development\GitHubRepos\LmsMvcAng\ngLMS\node_modules\ag-grid\dist\lib\rendering\cellEditors\popupEditorWrapper.js
C:\D Drive\Development\GitHubRepos\LmsMvcAng\ngLMS\node_modules\ag-grid\dist\lib\rendering\cellEditors\popupEditorWrapper.d.ts
C:\D Drive\Development\GitHubRepos\LmsMvcAng\ngLMS\node_modules\ag-grid\dist\lib\rendering\cellEditorFactory.js
C:\D Drive\Development\GitHubRepos\LmsMvcAng\ngLMS\node_modules\ag-grid\dist\lib\rendering\cellEditorFactory.d.ts
C:\D Drive\Development\GitHubRepos\LmsMvcAng\ngLMS\node_modules\ag-grid\dist\lib\rendering\cellRenderers\animateSlideCellRenderer.js
C:\D Drive\Development\GitHubRepos\LmsMvcAng\ngLMS\node_modules\ag-grid\dist\lib\rendering\cellRenderers\animateSlideCellRenderer.d.ts
C:\D Drive\Development\GitHubRepos\LmsMvcAng\ngLMS\node_modules\ag-grid\dist\lib\rendering\cellRenderers\animateShowChangeCellRenderer.js
C:\D Drive\Development\GitHubRepos\LmsMvcAng\ngLMS\node_modules\ag-grid\dist\lib\rendering\cellRenderers\animateShowChangeCellRenderer.d.ts
C:\D Drive\Development\GitHubRepos\LmsMvcAng\ngLMS\node_modules\ag-grid\dist\lib\rendering\cellRendererFactory.js
C:\D Drive\Development\GitHubRepos\LmsMvcAng\ngLMS\node_modules\ag-grid\dist\lib\rendering\cellRendererFactory.d.ts
C:\D Drive\Development\GitHubRepos\LmsMvcAng\ngLMS\node_modules\ag-grid\dist\lib\filter\filterManager.js
C:\D Drive\Development\GitHubRepos\LmsMvcAng\ngLMS\node_modules\ag-grid\dist\lib\filter\filterManager.d.ts
C:\D Drive\Development\GitHubRepos\LmsMvcAng\ngLMS\node_modules\ag-grid\dist\lib\interfaces\iCompFactory.js
C:\D Drive\Development\GitHubRepos\LmsMvcAng\ngLMS\node_modules\ag-grid\dist\lib\interfaces\iCompFactory.d.ts
C:\D Drive\Development\GitHubRepos\LmsMvcAng\ngLMS\node_modules\ag-grid\dist\lib\interfaces\iFrameworkFactory.js
C:\D Drive\Development\GitHubRepos\LmsMvcAng\ngLMS\node_modules\ag-grid\dist\lib\interfaces\iFrameworkFactory.d.ts
C:\D Drive\Development\GitHubRepos\LmsMvcAng\ngLMS\node_modules\ag-grid\dist\lib\gridPanel\scrollVisibleService.js
C:\D Drive\Development\GitHubRepos\LmsMvcAng\ngLMS\node_modules\ag-grid\dist\lib\gridPanel\scrollVisibleService.d.ts
C:\D Drive\Development\GitHubRepos\LmsMvcAng\ngLMS\node_modules\ag-grid\dist\lib\rowModels\inMemory\changedPath.js
C:\D Drive\Development\GitHubRepos\LmsMvcAng\ngLMS\node_modules\ag-grid\dist\lib\rowModels\inMemory\changedPath.d.ts
C:\D Drive\Development\GitHubRepos\LmsMvcAng\ngLMS\node_modules\ag-grid\dist\lib\interfaces\iRowNodeStage.js
C:\D Drive\Development\GitHubRepos\LmsMvcAng\ngLMS\node_modules\ag-grid\dist\lib\interfaces\iRowNodeStage.d.ts
C:\D Drive\Development\GitHubRepos\LmsMvcAng\ngLMS\node_modules\ag-grid\dist\lib\rowModels\inMemory\inMemoryNodeManager.js
C:\D Drive\Development\GitHubRepos\LmsMvcAng\ngLMS\node_modules\ag-grid\dist\lib\rowModels\inMemory\inMemoryNodeManager.d.ts
C:\D Drive\Development\GitHubRepos\LmsMvcAng\ngLMS\node_modules\ag-grid\dist\lib\rowModels\inMemory\inMemoryRowModel.js
C:\D Drive\Development\GitHubRepos\LmsMvcAng\ngLMS\node_modules\ag-grid\dist\lib\rowModels\inMemory\inMemoryRowModel.d.ts
C:\D Drive\Development\GitHubRepos\LmsMvcAng\ngLMS\node_modules\ag-grid\dist\lib\selectionController.js
C:\D Drive\Development\GitHubRepos\LmsMvcAng\ngLMS\node_modules\ag-grid\dist\lib\selectionController.d.ts
C:\D Drive\Development\GitHubRepos\LmsMvcAng\ngLMS\node_modules\ag-grid\dist\lib\rowModels\paginationProxy.js
C:\D Drive\Development\GitHubRepos\LmsMvcAng\ngLMS\node_modules\ag-grid\dist\lib\rowModels\paginationProxy.d.ts
C:\D Drive\Development\GitHubRepos\LmsMvcAng\ngLMS\node_modules\ag-grid\dist\lib\rowModels\pagination\paginationComp.js
C:\D Drive\Development\GitHubRepos\LmsMvcAng\ngLMS\node_modules\ag-grid\dist\lib\rowModels\pagination\paginationComp.d.ts
C:\D Drive\Development\GitHubRepos\LmsMvcAng\ngLMS\node_modules\ag-grid\dist\lib\interfaces\iToolPanel.js
C:\D Drive\Development\GitHubRepos\LmsMvcAng\ngLMS\node_modules\ag-grid\dist\lib\interfaces\iToolPanel.d.ts
C:\D Drive\Development\GitHubRepos\LmsMvcAng\ngLMS\node_modules\ag-grid\dist\lib\gridCore.js
C:\D Drive\Development\GitHubRepos\LmsMvcAng\ngLMS\node_modules\ag-grid\dist\lib\gridCore.d.ts
C:\D Drive\Development\GitHubRepos\LmsMvcAng\ngLMS\node_modules\ag-grid\dist\lib\environment.js
C:\D Drive\Development\GitHubRepos\LmsMvcAng\ngLMS\node_modules\ag-grid\dist\lib\environment.d.ts
C:\D Drive\Development\GitHubRepos\LmsMvcAng\ngLMS\node_modules\ag-grid\dist\lib\widgets\popupService.js
C:\D Drive\Development\GitHubRepos\LmsMvcAng\ngLMS\node_modules\ag-grid\dist\lib\widgets\popupService.d.ts
C:\D Drive\Development\GitHubRepos\LmsMvcAng\ngLMS\node_modules\ag-grid\dist\lib\styling\stylingService.js
C:\D Drive\Development\GitHubRepos\LmsMvcAng\ngLMS\node_modules\ag-grid\dist\lib\styling\stylingService.d.ts
C:\D Drive\Development\GitHubRepos\LmsMvcAng\ngLMS\node_modules\ag-grid\dist\lib\rendering\columnHoverService.js
C:\D Drive\Development\GitHubRepos\LmsMvcAng\ngLMS\node_modules\ag-grid\dist\lib\rendering\columnHoverService.d.ts
C:\D Drive\Development\GitHubRepos\LmsMvcAng\ngLMS\node_modules\ag-grid\dist\lib\misc\linkedList.js
C:\D Drive\Development\GitHubRepos\LmsMvcAng\ngLMS\node_modules\ag-grid\dist\lib\misc\linkedList.d.ts
C:\D Drive\Development\GitHubRepos\LmsMvcAng\ngLMS\node_modules\ag-grid\dist\lib\misc\animationFrameService.js
C:\D Drive\Development\GitHubRepos\LmsMvcAng\ngLMS\node_modules\ag-grid\dist\lib\misc\animationFrameService.d.ts
C:\D Drive\Development\GitHubRepos\LmsMvcAng\ngLMS\node_modules\ag-grid\dist\lib\dragAndDrop\dragService.js
C:\D Drive\Development\GitHubRepos\LmsMvcAng\ngLMS\node_modules\ag-grid\dist\lib\dragAndDrop\dragService.d.ts
C:\D Drive\Development\GitHubRepos\LmsMvcAng\ngLMS\node_modules\ag-grid\dist\lib\dragAndDrop\dragAndDropService.js
C:\D Drive\Development\GitHubRepos\LmsMvcAng\ngLMS\node_modules\ag-grid\dist\lib\dragAndDrop\dragAndDropService.d.ts
C:\D Drive\Development\GitHubRepos\LmsMvcAng\ngLMS\node_modules\ag-grid\dist\lib\rendering\heightScaler.js
C:\D Drive\Development\GitHubRepos\LmsMvcAng\ngLMS\node_modules\ag-grid\dist\lib\rendering\heightScaler.d.ts
C:\D Drive\Development\GitHubRepos\LmsMvcAng\ngLMS\node_modules\ag-grid\dist\lib\rendering\beans.js
C:\D Drive\Development\GitHubRepos\LmsMvcAng\ngLMS\node_modules\ag-grid\dist\lib\rendering\beans.d.ts
C:\D Drive\Development\GitHubRepos\LmsMvcAng\ngLMS\node_modules\ag-grid\dist\lib\rendering\rowContainerComponent.js
C:\D Drive\Development\GitHubRepos\LmsMvcAng\ngLMS\node_modules\ag-grid\dist\lib\rendering\rowContainerComponent.d.ts
C:\D Drive\Development\GitHubRepos\LmsMvcAng\ngLMS\node_modules\ag-grid\dist\lib\rendering\rowComp.js
C:\D Drive\Development\GitHubRepos\LmsMvcAng\ngLMS\node_modules\ag-grid\dist\lib\rendering\rowComp.d.ts
C:\D Drive\Development\GitHubRepos\LmsMvcAng\ngLMS\node_modules\ag-grid\dist\lib\rowNodes\sortService.js
C:\D Drive\Development\GitHubRepos\LmsMvcAng\ngLMS\node_modules\ag-grid\dist\lib\rowNodes\sortService.d.ts
C:\D Drive\Development\GitHubRepos\LmsMvcAng\ngLMS\node_modules\ag-grid\dist\lib\rendering\rowDragComp.js
C:\D Drive\Development\GitHubRepos\LmsMvcAng\ngLMS\node_modules\ag-grid\dist\lib\rendering\rowDragComp.d.ts
C:\D Drive\Development\GitHubRepos\LmsMvcAng\ngLMS\node_modules\ag-grid\dist\lib\rendering\cellComp.js
C:\D Drive\Development\GitHubRepos\LmsMvcAng\ngLMS\node_modules\ag-grid\dist\lib\rendering\cellComp.d.ts
C:\D Drive\Development\GitHubRepos\LmsMvcAng\ngLMS\node_modules\ag-grid\dist\lib\gridPanel\mouseEventService.js
C:\D Drive\Development\GitHubRepos\LmsMvcAng\ngLMS\node_modules\ag-grid\dist\lib\gridPanel\mouseEventService.d.ts
C:\D Drive\Development\GitHubRepos\LmsMvcAng\ngLMS\node_modules\ag-grid\dist\lib\rendering\cellRenderers\groupCellRenderer.js
C:\D Drive\Development\GitHubRepos\LmsMvcAng\ngLMS\node_modules\ag-grid\dist\lib\rendering\cellRenderers\groupCellRenderer.d.ts
C:\D Drive\Development\GitHubRepos\LmsMvcAng\ngLMS\node_modules\ag-grid\dist\lib\rendering\cellEditors\selectCellEditor.js
C:\D Drive\Development\GitHubRepos\LmsMvcAng\ngLMS\node_modules\ag-grid\dist\lib\rendering\cellEditors\selectCellEditor.d.ts
C:\D Drive\Development\GitHubRepos\LmsMvcAng\ngLMS\node_modules\ag-grid\dist\lib\rendering\cellEditors\popupTextCellEditor.js
C:\D Drive\Development\GitHubRepos\LmsMvcAng\ngLMS\node_modules\ag-grid\dist\lib\rendering\cellEditors\popupTextCellEditor.d.ts
C:\D Drive\Development\GitHubRepos\LmsMvcAng\ngLMS\node_modules\ag-grid\dist\lib\rendering\cellEditors\popupSelectCellEditor.js
C:\D Drive\Development\GitHubRepos\LmsMvcAng\ngLMS\node_modules\ag-grid\dist\lib\rendering\cellEditors\popupSelectCellEditor.d.ts
C:\D Drive\Development\GitHubRepos\LmsMvcAng\ngLMS\node_modules\ag-grid\dist\lib\rendering\cellEditors\largeTextCellEditor.js
C:\D Drive\Development\GitHubRepos\LmsMvcAng\ngLMS\node_modules\ag-grid\dist\lib\rendering\cellEditors\largeTextCellEditor.d.ts
C:\D Drive\Development\GitHubRepos\LmsMvcAng\ngLMS\node_modules\ag-grid\dist\lib\rendering\overlays\loadingOverlayComponent.js
C:\D Drive\Development\GitHubRepos\LmsMvcAng\ngLMS\node_modules\ag-grid\dist\lib\rendering\overlays\loadingOverlayComponent.d.ts
C:\D Drive\Development\GitHubRepos\LmsMvcAng\ngLMS\node_modules\ag-grid\dist\lib\rendering\overlays\noRowsOverlayComponent.js
C:\D Drive\Development\GitHubRepos\LmsMvcAng\ngLMS\node_modules\ag-grid\dist\lib\rendering\overlays\noRowsOverlayComponent.d.ts
C:\D Drive\Development\GitHubRepos\LmsMvcAng\ngLMS\node_modules\ag-grid\dist\lib\widgets\testingSandbox.js
C:\D Drive\Development\GitHubRepos\LmsMvcAng\ngLMS\node_modules\ag-grid\dist\lib\widgets\testingSandbox.d.ts
C:\D Drive\Development\GitHubRepos\LmsMvcAng\ngLMS\node_modules\ag-grid\dist\lib\components\framework\componentProvider.js
C:\D Drive\Development\GitHubRepos\LmsMvcAng\ngLMS\node_modules\ag-grid\dist\lib\components\framework\componentProvider.d.ts
C:\D Drive\Development\GitHubRepos\LmsMvcAng\ngLMS\node_modules\ag-grid\dist\lib\entities\gridOptions.js
C:\D Drive\Development\GitHubRepos\LmsMvcAng\ngLMS\node_modules\ag-grid\dist\lib\entities\gridOptions.d.ts
C:\D Drive\Development\GitHubRepos\LmsMvcAng\ngLMS\node_modules\ag-grid\dist\lib\rendering\features\setLeftFeature.js
C:\D Drive\Development\GitHubRepos\LmsMvcAng\ngLMS\node_modules\ag-grid\dist\lib\rendering\features\setLeftFeature.d.ts
C:\D Drive\Development\GitHubRepos\LmsMvcAng\ngLMS\node_modules\ag-grid\dist\lib\headerRendering\hoverFeature.js
C:\D Drive\Development\GitHubRepos\LmsMvcAng\ngLMS\node_modules\ag-grid\dist\lib\headerRendering\hoverFeature.d.ts
C:\D Drive\Development\GitHubRepos\LmsMvcAng\ngLMS\node_modules\ag-grid\dist\lib\filter\floatingFilterWrapper.js
C:\D Drive\Development\GitHubRepos\LmsMvcAng\ngLMS\node_modules\ag-grid\dist\lib\filter\floatingFilterWrapper.d.ts
C:\D Drive\Development\GitHubRepos\LmsMvcAng\ngLMS\node_modules\ag-grid\dist\lib\components\framework\componentRecipes.js
C:\D Drive\Development\GitHubRepos\LmsMvcAng\ngLMS\node_modules\ag-grid\dist\lib\components\framework\componentRecipes.d.ts
C:\D Drive\Development\GitHubRepos\LmsMvcAng\ngLMS\node_modules\ag-grid\dist\lib\rendering\overlays\overlayWrapperComponent.js
C:\D Drive\Development\GitHubRepos\LmsMvcAng\ngLMS\node_modules\ag-grid\dist\lib\rendering\overlays\overlayWrapperComponent.d.ts
C:\D Drive\Development\GitHubRepos\LmsMvcAng\ngLMS\node_modules\ag-grid\dist\lib\layout\borderLayout.js
C:\D Drive\Development\GitHubRepos\LmsMvcAng\ngLMS\node_modules\ag-grid\dist\lib\layout\borderLayout.d.ts
C:\D Drive\Development\GitHubRepos\LmsMvcAng\ngLMS\node_modules\ag-grid\dist\lib\interfaces\iClipboardService.js
C:\D Drive\Development\GitHubRepos\LmsMvcAng\ngLMS\node_modules\ag-grid\dist\lib\interfaces\iClipboardService.d.ts
C:\D Drive\Development\GitHubRepos\LmsMvcAng\ngLMS\node_modules\ag-grid\dist\lib\rowModels\pinnedRowModel.js
C:\D Drive\Development\GitHubRepos\LmsMvcAng\ngLMS\node_modules\ag-grid\dist\lib\rowModels\pinnedRowModel.d.ts
C:\D Drive\Development\GitHubRepos\LmsMvcAng\ngLMS\node_modules\ag-grid\dist\lib\gridPanel\navigationService.js
C:\D Drive\Development\GitHubRepos\LmsMvcAng\ngLMS\node_modules\ag-grid\dist\lib\gridPanel\navigationService.d.ts
C:\D Drive\Development\GitHubRepos\LmsMvcAng\ngLMS\node_modules\ag-grid\dist\lib\gridPanel\rowDragFeature.js
C:\D Drive\Development\GitHubRepos\LmsMvcAng\ngLMS\node_modules\ag-grid\dist\lib\gridPanel\rowDragFeature.d.ts
C:\D Drive\Development\GitHubRepos\LmsMvcAng\ngLMS\node_modules\ag-grid\dist\lib\gridPanel\gridPanel.js
C:\D Drive\Development\GitHubRepos\LmsMvcAng\ngLMS\node_modules\ag-grid\dist\lib\gridPanel\gridPanel.d.ts
C:\D Drive\Development\GitHubRepos\LmsMvcAng\ngLMS\node_modules\ag-grid\dist\lib\cellNavigationService.js
C:\D Drive\Development\GitHubRepos\LmsMvcAng\ngLMS\node_modules\ag-grid\dist\lib\cellNavigationService.d.ts
C:\D Drive\Development\GitHubRepos\LmsMvcAng\ngLMS\node_modules\ag-grid\dist\lib\headerRendering\horizontalResizeService.js
C:\D Drive\Development\GitHubRepos\LmsMvcAng\ngLMS\node_modules\ag-grid\dist\lib\headerRendering\horizontalResizeService.d.ts
C:\D Drive\Development\GitHubRepos\LmsMvcAng\ngLMS\node_modules\ag-grid\dist\lib\headerRendering\cssClassApplier.js
C:\D Drive\Development\GitHubRepos\LmsMvcAng\ngLMS\node_modules\ag-grid\dist\lib\headerRendering\cssClassApplier.d.ts
C:\D Drive\Development\GitHubRepos\LmsMvcAng\ngLMS\node_modules\ag-grid\dist\lib\widgets\agCheckbox.js
C:\D Drive\Development\GitHubRepos\LmsMvcAng\ngLMS\node_modules\ag-grid\dist\lib\widgets\agCheckbox.d.ts
C:\D Drive\Development\GitHubRepos\LmsMvcAng\ngLMS\node_modules\ag-grid\dist\lib\headerRendering\header\selectAllFeature.js
C:\D Drive\Development\GitHubRepos\LmsMvcAng\ngLMS\node_modules\ag-grid\dist\lib\headerRendering\header\selectAllFeature.d.ts
C:\D Drive\Development\GitHubRepos\LmsMvcAng\ngLMS\node_modules\ag-grid\dist\lib\headerRendering\header\headerWrapperComp.js
C:\D Drive\Development\GitHubRepos\LmsMvcAng\ngLMS\node_modules\ag-grid\dist\lib\headerRendering\header\headerWrapperComp.d.ts
C:\D Drive\Development\GitHubRepos\LmsMvcAng\ngLMS\node_modules\ag-grid\dist\lib\headerRendering\headerGroup\headerGroupWrapperComp.js
C:\D Drive\Development\GitHubRepos\LmsMvcAng\ngLMS\node_modules\ag-grid\dist\lib\headerRendering\headerGroup\headerGroupWrapperComp.d.ts
C:\D Drive\Development\GitHubRepos\LmsMvcAng\ngLMS\node_modules\ag-grid\dist\lib\headerRendering\headerRowComp.js
C:\D Drive\Development\GitHubRepos\LmsMvcAng\ngLMS\node_modules\ag-grid\dist\lib\headerRendering\headerRowComp.d.ts
C:\D Drive\Development\GitHubRepos\LmsMvcAng\ngLMS\node_modules\ag-grid\dist\lib\headerRendering\moveColumnController.js
C:\D Drive\Development\GitHubRepos\LmsMvcAng\ngLMS\node_modules\ag-grid\dist\lib\headerRendering\moveColumnController.d.ts
C:\D Drive\Development\GitHubRepos\LmsMvcAng\ngLMS\node_modules\ag-grid\dist\lib\headerRendering\bodyDropPivotTarget.js
C:\D Drive\Development\GitHubRepos\LmsMvcAng\ngLMS\node_modules\ag-grid\dist\lib\headerRendering\bodyDropPivotTarget.d.ts
C:\D Drive\Development\GitHubRepos\LmsMvcAng\ngLMS\node_modules\ag-grid\dist\lib\headerRendering\bodyDropTarget.js
C:\D Drive\Development\GitHubRepos\LmsMvcAng\ngLMS\node_modules\ag-grid\dist\lib\headerRendering\bodyDropTarget.d.ts
C:\D Drive\Development\GitHubRepos\LmsMvcAng\ngLMS\node_modules\ag-grid\dist\lib\headerRendering\headerContainer.js
C:\D Drive\Development\GitHubRepos\LmsMvcAng\ngLMS\node_modules\ag-grid\dist\lib\headerRendering\headerContainer.d.ts
C:\D Drive\Development\GitHubRepos\LmsMvcAng\ngLMS\node_modules\ag-grid\dist\lib\headerRendering\headerRenderer.js
C:\D Drive\Development\GitHubRepos\LmsMvcAng\ngLMS\node_modules\ag-grid\dist\lib\headerRendering\headerRenderer.d.ts
C:\D Drive\Development\GitHubRepos\LmsMvcAng\ngLMS\node_modules\ag-grid\dist\lib\headerRendering\standardMenu.js
C:\D Drive\Development\GitHubRepos\LmsMvcAng\ngLMS\node_modules\ag-grid\dist\lib\headerRendering\standardMenu.d.ts
C:\D Drive\Development\GitHubRepos\LmsMvcAng\ngLMS\node_modules\ag-grid\dist\lib\rowNodes\filterService.js
C:\D Drive\Development\GitHubRepos\LmsMvcAng\ngLMS\node_modules\ag-grid\dist\lib\rowNodes\filterService.d.ts
C:\D Drive\Development\GitHubRepos\LmsMvcAng\ngLMS\node_modules\ag-grid\dist\lib\rowNodes\selectableService.js
C:\D Drive\Development\GitHubRepos\LmsMvcAng\ngLMS\node_modules\ag-grid\dist\lib\rowNodes\selectableService.d.ts
C:\D Drive\Development\GitHubRepos\LmsMvcAng\ngLMS\node_modules\ag-grid\dist\lib\rowModels\inMemory\filterStage.js
C:\D Drive\Development\GitHubRepos\LmsMvcAng\ngLMS\node_modules\ag-grid\dist\lib\rowModels\inMemory\filterStage.d.ts
C:\D Drive\Development\GitHubRepos\LmsMvcAng\ngLMS\node_modules\ag-grid\dist\lib\rowModels\inMemory\sortStage.js
C:\D Drive\Development\GitHubRepos\LmsMvcAng\ngLMS\node_modules\ag-grid\dist\lib\rowModels\inMemory\sortStage.d.ts
C:\D Drive\Development\GitHubRepos\LmsMvcAng\ngLMS\node_modules\ag-grid\dist\lib\rowModels\inMemory\flattenStage.js
C:\D Drive\Development\GitHubRepos\LmsMvcAng\ngLMS\node_modules\ag-grid\dist\lib\rowModels\inMemory\flattenStage.d.ts
C:\D Drive\Development\GitHubRepos\LmsMvcAng\ngLMS\node_modules\ag-grid\dist\lib\rowModels\cache\rowNodeBlockLoader.js
C:\D Drive\Development\GitHubRepos\LmsMvcAng\ngLMS\node_modules\ag-grid\dist\lib\rowModels\cache\rowNodeBlockLoader.d.ts
C:\D Drive\Development\GitHubRepos\LmsMvcAng\ngLMS\node_modules\ag-grid\dist\lib\rowModels\cache\rowNodeCache.js
C:\D Drive\Development\GitHubRepos\LmsMvcAng\ngLMS\node_modules\ag-grid\dist\lib\rowModels\cache\rowNodeCache.d.ts
C:\D Drive\Development\GitHubRepos\LmsMvcAng\ngLMS\node_modules\ag-grid\dist\lib\rowModels\cache\rowNodeBlock.js
C:\D Drive\Development\GitHubRepos\LmsMvcAng\ngLMS\node_modules\ag-grid\dist\lib\rowModels\cache\rowNodeBlock.d.ts
C:\D Drive\Development\GitHubRepos\LmsMvcAng\ngLMS\node_modules\ag-grid\dist\lib\rowModels\infinite\infiniteBlock.js
C:\D Drive\Development\GitHubRepos\LmsMvcAng\ngLMS\node_modules\ag-grid\dist\lib\rowModels\infinite\infiniteBlock.d.ts
C:\D Drive\Development\GitHubRepos\LmsMvcAng\ngLMS\node_modules\ag-grid\dist\lib\rowModels\infinite\infiniteCache.js
C:\D Drive\Development\GitHubRepos\LmsMvcAng\ngLMS\node_modules\ag-grid\dist\lib\rowModels\infinite\infiniteCache.d.ts
C:\D Drive\Development\GitHubRepos\LmsMvcAng\ngLMS\node_modules\ag-grid\dist\lib\rowModels\infinite\infiniteRowModel.js
C:\D Drive\Development\GitHubRepos\LmsMvcAng\ngLMS\node_modules\ag-grid\dist\lib\rowModels\infinite\infiniteRowModel.d.ts
C:\D Drive\Development\GitHubRepos\LmsMvcAng\ngLMS\node_modules\ag-grid\dist\lib\baseFrameworkFactory.js
C:\D Drive\Development\GitHubRepos\LmsMvcAng\ngLMS\node_modules\ag-grid\dist\lib\baseFrameworkFactory.d.ts
C:\D Drive\Development\GitHubRepos\LmsMvcAng\ngLMS\node_modules\ag-grid\dist\lib\downloader.js
C:\D Drive\Development\GitHubRepos\LmsMvcAng\ngLMS\node_modules\ag-grid\dist\lib\downloader.d.ts
C:\D Drive\Development\GitHubRepos\LmsMvcAng\ngLMS\node_modules\ag-grid\dist\lib\xmlFactory.js
C:\D Drive\Development\GitHubRepos\LmsMvcAng\ngLMS\node_modules\ag-grid\dist\lib\xmlFactory.d.ts
C:\D Drive\Development\GitHubRepos\LmsMvcAng\ngLMS\node_modules\ag-grid\dist\lib\rowNodes\rowNodeFactory.js
C:\D Drive\Development\GitHubRepos\LmsMvcAng\ngLMS\node_modules\ag-grid\dist\lib\rowNodes\rowNodeFactory.d.ts
C:\D Drive\Development\GitHubRepos\LmsMvcAng\ngLMS\node_modules\ag-grid\dist\lib\columnController\autoGroupColService.js
C:\D Drive\Development\GitHubRepos\LmsMvcAng\ngLMS\node_modules\ag-grid\dist\lib\columnController\autoGroupColService.d.ts
C:\D Drive\Development\GitHubRepos\LmsMvcAng\ngLMS\node_modules\ag-grid\dist\lib\rowModels\inMemory\immutableService.js
C:\D Drive\Development\GitHubRepos\LmsMvcAng\ngLMS\node_modules\ag-grid\dist\lib\rowModels\inMemory\immutableService.d.ts
C:\D Drive\Development\GitHubRepos\LmsMvcAng\ngLMS\node_modules\ag-grid\dist\lib\valueService\changeDetectionService.js
C:\D Drive\Development\GitHubRepos\LmsMvcAng\ngLMS\node_modules\ag-grid\dist\lib\valueService\changeDetectionService.d.ts
C:\D Drive\Development\GitHubRepos\LmsMvcAng\ngLMS\node_modules\ag-grid\dist\lib\rendering\autoHeightCalculator.js
C:\D Drive\Development\GitHubRepos\LmsMvcAng\ngLMS\node_modules\ag-grid\dist\lib\rendering\autoHeightCalculator.d.ts
C:\D Drive\Development\GitHubRepos\LmsMvcAng\ngLMS\node_modules\ag-grid\dist\lib\grid.js
C:\D Drive\Development\GitHubRepos\LmsMvcAng\ngLMS\node_modules\ag-grid\dist\lib\grid.d.ts
C:\D Drive\Development\GitHubRepos\LmsMvcAng\ngLMS\node_modules\ag-grid\dist\lib\rendering\rowRenderer.js
C:\D Drive\Development\GitHubRepos\LmsMvcAng\ngLMS\node_modules\ag-grid\dist\lib\rendering\rowRenderer.d.ts
C:\D Drive\Development\GitHubRepos\LmsMvcAng\ngLMS\node_modules\ag-grid\dist\lib\rendering\autoWidthCalculator.js
C:\D Drive\Development\GitHubRepos\LmsMvcAng\ngLMS\node_modules\ag-grid\dist\lib\rendering\autoWidthCalculator.d.ts
C:\D Drive\Development\GitHubRepos\LmsMvcAng\ngLMS\node_modules\ag-grid\dist\lib\interfaces\iAggFuncService.js
C:\D Drive\Development\GitHubRepos\LmsMvcAng\ngLMS\node_modules\ag-grid\dist\lib\interfaces\iAggFuncService.d.ts
C:\D Drive\Development\GitHubRepos\LmsMvcAng\ngLMS\node_modules\ag-grid\dist\lib\columnController\columnController.js
C:\D Drive\Development\GitHubRepos\LmsMvcAng\ngLMS\node_modules\ag-grid\dist\lib\columnController\columnController.d.ts
C:\D Drive\Development\GitHubRepos\LmsMvcAng\ngLMS\node_modules\ag-grid\dist\lib\gridSerializer.js
C:\D Drive\Development\GitHubRepos\LmsMvcAng\ngLMS\node_modules\ag-grid\dist\lib\gridSerializer.d.ts
C:\D Drive\Development\GitHubRepos\LmsMvcAng\ngLMS\node_modules\ag-grid\dist\lib\csvCreator.js
C:\D Drive\Development\GitHubRepos\LmsMvcAng\ngLMS\node_modules\ag-grid\dist\lib\csvCreator.d.ts
C:\D Drive\Development\GitHubRepos\LmsMvcAng\ngLMS\node_modules\ag-grid\dist\lib\interfaces\iExcelCreator.js
C:\D Drive\Development\GitHubRepos\LmsMvcAng\ngLMS\node_modules\ag-grid\dist\lib\interfaces\iExcelCreator.d.ts
C:\D Drive\Development\GitHubRepos\LmsMvcAng\ngLMS\node_modules\ag-grid\dist\lib\interfaces\iEnterpriseRowModel.js
C:\D Drive\Development\GitHubRepos\LmsMvcAng\ngLMS\node_modules\ag-grid\dist\lib\interfaces\iEnterpriseRowModel.d.ts
C:\D Drive\Development\GitHubRepos\LmsMvcAng\ngLMS\node_modules\ag-grid\dist\lib\gridApi.js
C:\D Drive\Development\GitHubRepos\LmsMvcAng\ngLMS\node_modules\ag-grid\dist\lib\gridApi.d.ts
C:\D Drive\Development\GitHubRepos\LmsMvcAng\ngLMS\node_modules\ag-grid\dist\lib\rendering\cellEditors\iCellEditor.js
C:\D Drive\Development\GitHubRepos\LmsMvcAng\ngLMS\node_modules\ag-grid\dist\lib\rendering\cellEditors\iCellEditor.d.ts
C:\D Drive\Development\GitHubRepos\LmsMvcAng\ngLMS\node_modules\ag-grid\dist\lib\entities\colDef.js
C:\D Drive\Development\GitHubRepos\LmsMvcAng\ngLMS\node_modules\ag-grid\dist\lib\entities\colDef.d.ts
C:\D Drive\Development\GitHubRepos\LmsMvcAng\ngLMS\node_modules\ag-grid\dist\lib\entities\columnGroupChild.js
C:\D Drive\Development\GitHubRepos\LmsMvcAng\ngLMS\node_modules\ag-grid\dist\lib\entities\columnGroupChild.d.ts
C:\D Drive\Development\GitHubRepos\LmsMvcAng\ngLMS\node_modules\ag-grid\dist\lib\entities\column.js
C:\D Drive\Development\GitHubRepos\LmsMvcAng\ngLMS\node_modules\ag-grid\dist\lib\entities\column.d.ts
C:\D Drive\Development\GitHubRepos\LmsMvcAng\ngLMS\node_modules\ag-grid\dist\lib\utils.js
C:\D Drive\Development\GitHubRepos\LmsMvcAng\ngLMS\node_modules\ag-grid\dist\lib\utils.d.ts
C:\D Drive\Development\GitHubRepos\LmsMvcAng\ngLMS\node_modules\ag-grid\dist\lib\iLogger.js
C:\D Drive\Development\GitHubRepos\LmsMvcAng\ngLMS\node_modules\ag-grid\dist\lib\iLogger.d.ts
C:\D Drive\Development\GitHubRepos\LmsMvcAng\ngLMS\node_modules\ag-grid\dist\lib\context\context.js
C:\D Drive\Development\GitHubRepos\LmsMvcAng\ngLMS\node_modules\ag-grid\dist\lib\context\context.d.ts
C:\D Drive\Development\GitHubRepos\LmsMvcAng\ngLMS\node_modules\ag-grid\dist\lib\logger.js
C:\D Drive\Development\GitHubRepos\LmsMvcAng\ngLMS\node_modules\ag-grid\dist\lib\logger.d.ts
C:\D Drive\Development\GitHubRepos\LmsMvcAng\ngLMS\node_modules\ag-grid\dist\lib\eventService.js
C:\D Drive\Development\GitHubRepos\LmsMvcAng\ngLMS\node_modules\ag-grid\dist\lib\eventService.d.ts
C:\D Drive\Development\GitHubRepos\LmsMvcAng\ngLMS\node_modules\ag-grid\dist\lib\entities\rowNode.js
C:\D Drive\Development\GitHubRepos\LmsMvcAng\ngLMS\node_modules\ag-grid\dist\lib\entities\rowNode.d.ts
C:\D Drive\Development\GitHubRepos\LmsMvcAng\ngLMS\node_modules\ag-grid\dist\lib\propertyKeys.js
C:\D Drive\Development\GitHubRepos\LmsMvcAng\ngLMS\node_modules\ag-grid\dist\lib\propertyKeys.d.ts
C:\D Drive\Development\GitHubRepos\LmsMvcAng\ngLMS\node_modules\ag-grid\dist\lib\components\componentUtil.js
C:\D Drive\Development\GitHubRepos\LmsMvcAng\ngLMS\node_modules\ag-grid\dist\lib\components\componentUtil.d.ts
C:\D Drive\Development\GitHubRepos\LmsMvcAng\ngLMS\node_modules\ag-grid\dist\lib\components\colDefUtil.js
C:\D Drive\Development\GitHubRepos\LmsMvcAng\ngLMS\node_modules\ag-grid\dist\lib\components\colDefUtil.d.ts
C:\D Drive\Development\GitHubRepos\LmsMvcAng\ngLMS\node_modules\ag-grid\dist\lib\gridOptionsWrapper.js
C:\D Drive\Development\GitHubRepos\LmsMvcAng\ngLMS\node_modules\ag-grid\dist\lib\gridOptionsWrapper.d.ts
C:\D Drive\Development\GitHubRepos\LmsMvcAng\ngLMS\node_modules\ag-grid\dist\lib\alignedGridsService.js
C:\D Drive\Development\GitHubRepos\LmsMvcAng\ngLMS\node_modules\ag-grid\dist\lib\alignedGridsService.d.ts
C:\D Drive\Development\GitHubRepos\LmsMvcAng\ngLMS\node_modules\ag-grid\dist\lib\functions.js
C:\D Drive\Development\GitHubRepos\LmsMvcAng\ngLMS\node_modules\ag-grid\dist\lib\functions.d.ts
C:\D Drive\Development\GitHubRepos\LmsMvcAng\ngLMS\node_modules\ag-grid\dist\lib\components\agGridNg1.js
C:\D Drive\Development\GitHubRepos\LmsMvcAng\ngLMS\node_modules\ag-grid\dist\lib\components\agGridNg1.d.ts
C:\D Drive\Development\GitHubRepos\LmsMvcAng\ngLMS\node_modules\ag-grid\dist\lib\components\agGridWebComponent.js
C:\D Drive\Development\GitHubRepos\LmsMvcAng\ngLMS\node_modules\ag-grid\dist\lib\components\agGridWebComponent.d.ts
C:\D Drive\Development\GitHubRepos\LmsMvcAng\ngLMS\node_modules\ag-grid\dist\lib\filter\filter.js
C:\D Drive\Development\GitHubRepos\LmsMvcAng\ngLMS\node_modules\ag-grid\dist\lib\filter\filter.d.ts
C:\D Drive\Development\GitHubRepos\LmsMvcAng\ngLMS\node_modules\ag-grid\dist\lib\filter\textAndNumberFilterParameters.js
C:\D Drive\Development\GitHubRepos\LmsMvcAng\ngLMS\node_modules\ag-grid\dist\lib\filter\textAndNumberFilterParameters.d.ts
C:\D Drive\Development\GitHubRepos\LmsMvcAng\ngLMS\node_modules\ag-grid\dist\lib\interfaces\iEnterpriseCache.js
C:\D Drive\Development\GitHubRepos\LmsMvcAng\ngLMS\node_modules\ag-grid\dist\lib\interfaces\iEnterpriseCache.d.ts
C:\D Drive\Development\GitHubRepos\LmsMvcAng\ngLMS\node_modules\ag-grid\dist\lib\interfaces\iMenu.js
C:\D Drive\Development\GitHubRepos\LmsMvcAng\ngLMS\node_modules\ag-grid\dist\lib\interfaces\iMenu.d.ts
C:\D Drive\Development\GitHubRepos\LmsMvcAng\ngLMS\node_modules\ag-grid\dist\lib\layout\tabbedLayout.js
C:\D Drive\Development\GitHubRepos\LmsMvcAng\ngLMS\node_modules\ag-grid\dist\lib\layout\tabbedLayout.d.ts
C:\D Drive\Development\GitHubRepos\LmsMvcAng\ngLMS\node_modules\ag-grid\dist\lib\layout\verticalStack.js
C:\D Drive\Development\GitHubRepos\LmsMvcAng\ngLMS\node_modules\ag-grid\dist\lib\layout\verticalStack.d.ts
C:\D Drive\Development\GitHubRepos\LmsMvcAng\ngLMS\node_modules\ag-grid\dist\lib\misc\simpleHttpRequest.js
C:\D Drive\Development\GitHubRepos\LmsMvcAng\ngLMS\node_modules\ag-grid\dist\lib\misc\simpleHttpRequest.d.ts
