C:\D Drive\Development\GitHubRepos\LmsMvcAng\ngLMS\app\services\navbar.service.js
C:\D Drive\Development\GitHubRepos\LmsMvcAng\ngLMS\app\components\createuser\IUser.js
C:\D Drive\Development\GitHubRepos\LmsMvcAng\ngLMS\app\authGaurd\auth.service.js
C:\D Drive\Development\GitHubRepos\LmsMvcAng\ngLMS\app\authGaurd\authGuard.js
C:\D Drive\Development\GitHubRepos\LmsMvcAng\ngLMS\app\authGaurd\index.js
C:\D Drive\Development\GitHubRepos\LmsMvcAng\ngLMS\app\services\user.service.js
C:\D Drive\Development\GitHubRepos\LmsMvcAng\ngLMS\app\services\alert.service.js
C:\D Drive\Development\GitHubRepos\LmsMvcAng\ngLMS\app\components\leadmanager\ILead.js
C:\D Drive\Development\GitHubRepos\LmsMvcAng\ngLMS\app\services\lead.service.js
C:\D Drive\Development\GitHubRepos\LmsMvcAng\ngLMS\app\components\privcustomer\IPrivCust.js
C:\D Drive\Development\GitHubRepos\LmsMvcAng\ngLMS\app\services\privCustomer.service.js
C:\D Drive\Development\GitHubRepos\LmsMvcAng\ngLMS\app\components\project\IProject.js
C:\D Drive\Development\GitHubRepos\LmsMvcAng\ngLMS\app\services\project.service.js
C:\D Drive\Development\GitHubRepos\LmsMvcAng\ngLMS\app\services\index.js
C:\D Drive\Development\GitHubRepos\LmsMvcAng\ngLMS\app\components\alert\alert.component.js
C:\D Drive\Development\GitHubRepos\LmsMvcAng\ngLMS\app\components\loader\loader.component.js
C:\D Drive\Development\GitHubRepos\LmsMvcAng\ngLMS\app\components\login\login.component.js
C:\D Drive\Development\GitHubRepos\LmsMvcAng\ngLMS\app\components\pagenav\pageNav.component.js
C:\D Drive\Development\GitHubRepos\LmsMvcAng\ngLMS\app\components\createuser\createuser.component.js
C:\D Drive\Development\GitHubRepos\LmsMvcAng\ngLMS\app\components\headBar\headBar.component.js
C:\D Drive\Development\GitHubRepos\LmsMvcAng\ngLMS\app\components\navmenu\navmenu.component.js
C:\D Drive\Development\GitHubRepos\LmsMvcAng\ngLMS\app\components\app\app.component.js
C:\D Drive\Development\GitHubRepos\LmsMvcAng\ngLMS\app\components\leadmanager\LeadConfig.js
C:\D Drive\Development\GitHubRepos\LmsMvcAng\ngLMS\app\components\leadmanager\leadManager.component.js
C:\D Drive\Development\GitHubRepos\LmsMvcAng\ngLMS\app\components\leadmanager\createLead.component.js
C:\D Drive\Development\GitHubRepos\LmsMvcAng\ngLMS\app\components\grid\recentQueryCellrendrer.component.js
C:\D Drive\Development\GitHubRepos\LmsMvcAng\ngLMS\app\components\grid\entryDateCellrendrer.component.js
C:\D Drive\Development\GitHubRepos\LmsMvcAng\ngLMS\app\components\grid\communicationCellrendrer.component.js
C:\D Drive\Development\GitHubRepos\LmsMvcAng\ngLMS\app\components\leadmanager\reminderDetails.component.js
C:\D Drive\Development\GitHubRepos\LmsMvcAng\ngLMS\app\components\fetchlead\magic.component.js
C:\D Drive\Development\GitHubRepos\LmsMvcAng\ngLMS\app\components\fetchlead\acre.component.js
C:\D Drive\Development\GitHubRepos\LmsMvcAng\ngLMS\app\components\fetchlead\housing.component.js
C:\D Drive\Development\GitHubRepos\LmsMvcAng\ngLMS\app\components\privcustomer\privcustomer.component.js
C:\D Drive\Development\GitHubRepos\LmsMvcAng\ngLMS\app\components\privcustomer\createCust.component.js
C:\D Drive\Development\GitHubRepos\LmsMvcAng\ngLMS\app\components\project\project.component.js
C:\D Drive\Development\GitHubRepos\LmsMvcAng\ngLMS\app\components\project\createProject.component.js
C:\D Drive\Development\GitHubRepos\LmsMvcAng\ngLMS\app\components\index.js
C:\D Drive\Development\GitHubRepos\LmsMvcAng\ngLMS\app\app.shared.module.js
C:\D Drive\Development\GitHubRepos\LmsMvcAng\ngLMS\app\app.browser.module.js
C:\D Drive\Development\GitHubRepos\LmsMvcAng\ngLMS\app\main.js
C:\D Drive\Development\GitHubRepos\LmsMvcAng\ngLMS\app\interceptors\token.interceptor.js
C:\D Drive\Development\GitHubRepos\LmsMvcAng\ngLMS\app\components\home\home.component.js
