C:\Users\Amrit\source\repos\ngLMS\ngLMS\app\components\home\home.component.js
C:\Users\Amrit\source\repos\ngLMS\ngLMS\app\components\home\home.component.js.map
C:\Users\Amrit\source\repos\ngLMS\ngLMS\app\services\navbar.service.js
C:\Users\Amrit\source\repos\ngLMS\ngLMS\app\services\navbar.service.js.map
C:\Users\Amrit\source\repos\ngLMS\ngLMS\app\components\createuser\IUser.js
C:\Users\Amrit\source\repos\ngLMS\ngLMS\app\components\createuser\IUser.js.map
C:\Users\Amrit\source\repos\ngLMS\ngLMS\app\authGaurd\auth.service.js
C:\Users\Amrit\source\repos\ngLMS\ngLMS\app\authGaurd\auth.service.js.map
C:\Users\Amrit\source\repos\ngLMS\ngLMS\app\authGaurd\authGuard.js
C:\Users\Amrit\source\repos\ngLMS\ngLMS\app\authGaurd\authGuard.js.map
C:\Users\Amrit\source\repos\ngLMS\ngLMS\app\authGaurd\index.js
C:\Users\Amrit\source\repos\ngLMS\ngLMS\app\authGaurd\index.js.map
C:\Users\Amrit\source\repos\ngLMS\ngLMS\app\services\user.service.js
C:\Users\Amrit\source\repos\ngLMS\ngLMS\app\services\user.service.js.map
C:\Users\Amrit\source\repos\ngLMS\ngLMS\app\services\alert.service.js
C:\Users\Amrit\source\repos\ngLMS\ngLMS\app\services\alert.service.js.map
C:\Users\Amrit\source\repos\ngLMS\ngLMS\app\components\leadmanager\ILead.js
C:\Users\Amrit\source\repos\ngLMS\ngLMS\app\components\leadmanager\ILead.js.map
C:\Users\Amrit\source\repos\ngLMS\ngLMS\app\services\lead.service.js
C:\Users\Amrit\source\repos\ngLMS\ngLMS\app\services\lead.service.js.map
C:\Users\Amrit\source\repos\ngLMS\ngLMS\app\services\index.js
C:\Users\Amrit\source\repos\ngLMS\ngLMS\app\services\index.js.map
C:\Users\Amrit\source\repos\ngLMS\ngLMS\app\components\alert\alert.component.js
C:\Users\Amrit\source\repos\ngLMS\ngLMS\app\components\alert\alert.component.js.map
C:\Users\Amrit\source\repos\ngLMS\ngLMS\app\components\loader\loader.component.js
C:\Users\Amrit\source\repos\ngLMS\ngLMS\app\components\loader\loader.component.js.map
C:\Users\Amrit\source\repos\ngLMS\ngLMS\app\components\login\login.component.js
C:\Users\Amrit\source\repos\ngLMS\ngLMS\app\components\login\login.component.js.map
C:\Users\Amrit\source\repos\ngLMS\ngLMS\app\components\pagenav\pageNav.component.js
C:\Users\Amrit\source\repos\ngLMS\ngLMS\app\components\pagenav\pageNav.component.js.map
C:\Users\Amrit\source\repos\ngLMS\ngLMS\app\components\createuser\createuser.component.js
C:\Users\Amrit\source\repos\ngLMS\ngLMS\app\components\createuser\createuser.component.js.map
C:\Users\Amrit\source\repos\ngLMS\ngLMS\app\components\headBar\headBar.component.js
C:\Users\Amrit\source\repos\ngLMS\ngLMS\app\components\headBar\headBar.component.js.map
C:\Users\Amrit\source\repos\ngLMS\ngLMS\app\components\navmenu\navmenu.component.js
C:\Users\Amrit\source\repos\ngLMS\ngLMS\app\components\navmenu\navmenu.component.js.map
C:\Users\Amrit\source\repos\ngLMS\ngLMS\app\components\app\app.component.js
C:\Users\Amrit\source\repos\ngLMS\ngLMS\app\components\app\app.component.js.map
C:\Users\Amrit\source\repos\ngLMS\ngLMS\app\components\leadmanager\leadManager.component.js
C:\Users\Amrit\source\repos\ngLMS\ngLMS\app\components\leadmanager\leadManager.component.js.map
C:\Users\Amrit\source\repos\ngLMS\ngLMS\app\components\leadmanager\createLead.component.js
C:\Users\Amrit\source\repos\ngLMS\ngLMS\app\components\leadmanager\createLead.component.js.map
C:\Users\Amrit\source\repos\ngLMS\ngLMS\app\components\grid\recentQueryCellrendrer.component.js
C:\Users\Amrit\source\repos\ngLMS\ngLMS\app\components\grid\recentQueryCellrendrer.component.js.map
C:\Users\Amrit\source\repos\ngLMS\ngLMS\app\components\grid\entryDateCellrendrer.component.js
C:\Users\Amrit\source\repos\ngLMS\ngLMS\app\components\grid\entryDateCellrendrer.component.js.map
C:\Users\Amrit\source\repos\ngLMS\ngLMS\app\components\grid\communicationCellrendrer.component.js
C:\Users\Amrit\source\repos\ngLMS\ngLMS\app\components\grid\communicationCellrendrer.component.js.map
C:\Users\Amrit\source\repos\ngLMS\ngLMS\app\components\leadmanager\reminderDetails.component.js
C:\Users\Amrit\source\repos\ngLMS\ngLMS\app\components\leadmanager\reminderDetails.component.js.map
C:\Users\Amrit\source\repos\ngLMS\ngLMS\app\components\fetchlead\magic.component.js
C:\Users\Amrit\source\repos\ngLMS\ngLMS\app\components\fetchlead\magic.component.js.map
C:\Users\Amrit\source\repos\ngLMS\ngLMS\app\components\fetchlead\acre.component.js
C:\Users\Amrit\source\repos\ngLMS\ngLMS\app\components\fetchlead\acre.component.js.map
C:\Users\Amrit\source\repos\ngLMS\ngLMS\app\components\index.js
C:\Users\Amrit\source\repos\ngLMS\ngLMS\app\components\index.js.map
C:\Users\Amrit\source\repos\ngLMS\ngLMS\app\app.shared.module.js
C:\Users\Amrit\source\repos\ngLMS\ngLMS\app\app.shared.module.js.map
C:\Users\Amrit\source\repos\ngLMS\ngLMS\app\app.browser.module.js
C:\Users\Amrit\source\repos\ngLMS\ngLMS\app\app.browser.module.js.map
C:\Users\Amrit\source\repos\ngLMS\ngLMS\app\app.server.module.js
C:\Users\Amrit\source\repos\ngLMS\ngLMS\app\app.server.module.js.map
C:\Users\Amrit\source\repos\ngLMS\ngLMS\app\main.js
C:\Users\Amrit\source\repos\ngLMS\ngLMS\app\main.js.map
C:\Users\Amrit\source\repos\ngLMS\ngLMS\app\interceptors\token.interceptor.js
C:\Users\Amrit\source\repos\ngLMS\ngLMS\app\interceptors\token.interceptor.js.map
